<?xml version="1.0" encoding="UTF-8"?>
<!-- Generated by org.testng.reporters.JUnitXMLReporter -->
<testsuite ignored="0" hostname="DESKTOP-P4N5PI2" failures="0" tests="10" name="Test" time="46.197" errors="0" timestamp="2022-07-06T23:03:59 IST">
  <testcase classname="com.team3.TestRunner.TestRunner" name="feature" time="8.214"/>
  <testcase classname="com.team3.TestRunner.TestRunner" name="feature" time="0.84"/>
  <testcase classname="com.team3.TestRunner.TestRunner" name="feature" time="0.902"/>
  <testcase classname="com.team3.TestRunner.TestRunner" name="feature" time="0.867"/>
  <testcase classname="com.team3.TestRunner.TestRunner" name="feature" time="8.909"/>
  <testcase classname="com.team3.TestRunner.TestRunner" name="feature" time="3.906"/>
  <testcase classname="com.team3.TestRunner.TestRunner" name="feature" time="3.816"/>
  <testcase classname="com.team3.TestRunner.TestRunner" name="feature" time="3.916"/>
  <testcase classname="com.team3.TestRunner.TestRunner" name="feature" time="5.338"/>
  <testcase classname="com.team3.TestRunner.functionTestRunner" name="feature" time="8.862"/>
</testsuite> <!-- Test -->
