<?xml version="1.0" encoding="UTF-8"?>
<testng-results ignored="0" total="10" passed="10" failed="0" skipped="0">
  <reporter-output>
  </reporter-output>
  <suite started-at="2022-07-06T23:03:13 IST" name="Suite" finished-at="2022-07-06T23:03:59 IST" duration-ms="46197">
    <groups>
    </groups>
    <test started-at="2022-07-06T23:03:13 IST" name="Test" finished-at="2022-07-06T23:03:59 IST" duration-ms="46197">
      <class name="com.team3.TestRunner.functionTestRunner">
        <test-method is-config="true" signature="setUpClass()[pri:0, instance:com.team3.TestRunner.functionTestRunner@6933b6c6]" started-at="2022-07-06T23:03:51 IST" name="setUpClass" finished-at="2022-07-06T23:03:51 IST" duration-ms="1" status="PASS">
          <reporter-output>
          </reporter-output>
        </test-method> <!-- setUpClass -->
        <test-method signature="feature(cucumber.api.testng.PickleEventWrapper,cucumber.api.testng.CucumberFeatureWrapper)[pri:0, instance:com.team3.TestRunner.functionTestRunner@6933b6c6]" started-at="2022-07-06T23:03:51 IST" name="feature" data-provider="features" finished-at="2022-07-06T23:03:59 IST" duration-ms="8862" status="PASS">
          <params>
            <param index="0">
              <value>
                <![CDATA["sample app login"]]>
              </value>
            </param>
            <param index="1">
              <value>
                <![CDATA["sample app validation"]]>
              </value>
            </param>
          </params>
          <reporter-output>
          </reporter-output>
        </test-method> <!-- feature -->
        <test-method is-config="true" signature="tearDownClass()[pri:0, instance:com.team3.TestRunner.functionTestRunner@6933b6c6]" started-at="2022-07-06T23:03:59 IST" name="tearDownClass" finished-at="2022-07-06T23:03:59 IST" duration-ms="2" status="PASS">
          <reporter-output>
          </reporter-output>
        </test-method> <!-- tearDownClass -->
      </class> <!-- com.team3.TestRunner.functionTestRunner -->
      <class name="com.team3.TestRunner.TestRunner">
        <test-method is-config="true" signature="setUpClass()[pri:0, instance:com.team3.TestRunner.TestRunner@71687585]" started-at="2022-07-06T23:03:13 IST" name="setUpClass" finished-at="2022-07-06T23:03:14 IST" duration-ms="309" status="PASS">
          <reporter-output>
          </reporter-output>
        </test-method> <!-- setUpClass -->
        <test-method signature="feature(cucumber.api.testng.PickleEventWrapper,cucumber.api.testng.CucumberFeatureWrapper)[pri:0, instance:com.team3.TestRunner.TestRunner@71687585]" started-at="2022-07-06T23:03:14 IST" name="feature" data-provider="features" finished-at="2022-07-06T23:03:22 IST" duration-ms="8214" status="PASS">
          <params>
            <param index="0">
              <value>
                <![CDATA["website title validation"]]>
              </value>
            </param>
            <param index="1">
              <value>
                <![CDATA["homepage validation"]]>
              </value>
            </param>
          </params>
          <reporter-output>
          </reporter-output>
        </test-method> <!-- feature -->
        <test-method signature="feature(cucumber.api.testng.PickleEventWrapper,cucumber.api.testng.CucumberFeatureWrapper)[pri:0, instance:com.team3.TestRunner.TestRunner@71687585]" started-at="2022-07-06T23:03:22 IST" name="feature" data-provider="features" finished-at="2022-07-06T23:03:23 IST" duration-ms="840" status="PASS">
          <params>
            <param index="0">
              <value>
                <![CDATA["title validation of Dynamic ID"]]>
              </value>
            </param>
            <param index="1">
              <value>
                <![CDATA["homepage validation"]]>
              </value>
            </param>
          </params>
          <reporter-output>
          </reporter-output>
        </test-method> <!-- feature -->
        <test-method signature="feature(cucumber.api.testng.PickleEventWrapper,cucumber.api.testng.CucumberFeatureWrapper)[pri:0, instance:com.team3.TestRunner.TestRunner@71687585]" started-at="2022-07-06T23:03:23 IST" name="feature" data-provider="features" finished-at="2022-07-06T23:03:24 IST" duration-ms="902" status="PASS">
          <params>
            <param index="0">
              <value>
                <![CDATA["title validation of ClassAttribute"]]>
              </value>
            </param>
            <param index="1">
              <value>
                <![CDATA["homepage validation"]]>
              </value>
            </param>
          </params>
          <reporter-output>
          </reporter-output>
        </test-method> <!-- feature -->
        <test-method signature="feature(cucumber.api.testng.PickleEventWrapper,cucumber.api.testng.CucumberFeatureWrapper)[pri:0, instance:com.team3.TestRunner.TestRunner@71687585]" started-at="2022-07-06T23:03:24 IST" name="feature" data-provider="features" finished-at="2022-07-06T23:03:25 IST" duration-ms="867" status="PASS">
          <params>
            <param index="0">
              <value>
                <![CDATA["title validation of HiddenLayer"]]>
              </value>
            </param>
            <param index="1">
              <value>
                <![CDATA["homepage validation"]]>
              </value>
            </param>
          </params>
          <reporter-output>
          </reporter-output>
        </test-method> <!-- feature -->
        <test-method signature="feature(cucumber.api.testng.PickleEventWrapper,cucumber.api.testng.CucumberFeatureWrapper)[pri:0, instance:com.team3.TestRunner.TestRunner@71687585]" started-at="2022-07-06T23:03:25 IST" name="feature" data-provider="features" finished-at="2022-07-06T23:03:34 IST" duration-ms="8909" status="PASS">
          <params>
            <param index="0">
              <value>
                <![CDATA["testing LoadDelay"]]>
              </value>
            </param>
            <param index="1">
              <value>
                <![CDATA["homepage validation"]]>
              </value>
            </param>
          </params>
          <reporter-output>
          </reporter-output>
        </test-method> <!-- feature -->
        <test-method signature="feature(cucumber.api.testng.PickleEventWrapper,cucumber.api.testng.CucumberFeatureWrapper)[pri:0, instance:com.team3.TestRunner.TestRunner@71687585]" started-at="2022-07-06T23:03:34 IST" name="feature" data-provider="features" finished-at="2022-07-06T23:03:37 IST" duration-ms="3906" status="PASS">
          <params>
            <param index="0">
              <value>
                <![CDATA["testing AJAX"]]>
              </value>
            </param>
            <param index="1">
              <value>
                <![CDATA["homepage validation"]]>
              </value>
            </param>
          </params>
          <reporter-output>
          </reporter-output>
        </test-method> <!-- feature -->
        <test-method signature="feature(cucumber.api.testng.PickleEventWrapper,cucumber.api.testng.CucumberFeatureWrapper)[pri:0, instance:com.team3.TestRunner.TestRunner@71687585]" started-at="2022-07-06T23:03:37 IST" name="feature" data-provider="features" finished-at="2022-07-06T23:03:41 IST" duration-ms="3816" status="PASS">
          <params>
            <param index="0">
              <value>
                <![CDATA["testing Client Side Delay"]]>
              </value>
            </param>
            <param index="1">
              <value>
                <![CDATA["homepage validation"]]>
              </value>
            </param>
          </params>
          <reporter-output>
          </reporter-output>
        </test-method> <!-- feature -->
        <test-method signature="feature(cucumber.api.testng.PickleEventWrapper,cucumber.api.testng.CucumberFeatureWrapper)[pri:0, instance:com.team3.TestRunner.TestRunner@71687585]" started-at="2022-07-06T23:03:41 IST" name="feature" data-provider="features" finished-at="2022-07-06T23:03:45 IST" duration-ms="3916" status="PASS">
          <params>
            <param index="0">
              <value>
                <![CDATA["testing Click"]]>
              </value>
            </param>
            <param index="1">
              <value>
                <![CDATA["homepage validation"]]>
              </value>
            </param>
          </params>
          <reporter-output>
          </reporter-output>
        </test-method> <!-- feature -->
        <test-method signature="feature(cucumber.api.testng.PickleEventWrapper,cucumber.api.testng.CucumberFeatureWrapper)[pri:0, instance:com.team3.TestRunner.TestRunner@71687585]" started-at="2022-07-06T23:03:45 IST" name="feature" data-provider="features" finished-at="2022-07-06T23:03:51 IST" duration-ms="5338" status="PASS">
          <params>
            <param index="0">
              <value>
                <![CDATA["testing Text Input"]]>
              </value>
            </param>
            <param index="1">
              <value>
                <![CDATA["homepage validation"]]>
              </value>
            </param>
          </params>
          <reporter-output>
          </reporter-output>
        </test-method> <!-- feature -->
        <test-method is-config="true" signature="tearDownClass()[pri:0, instance:com.team3.TestRunner.TestRunner@71687585]" started-at="2022-07-06T23:03:51 IST" name="tearDownClass" finished-at="2022-07-06T23:03:51 IST" duration-ms="10" status="PASS">
          <reporter-output>
          </reporter-output>
        </test-method> <!-- tearDownClass -->
      </class> <!-- com.team3.TestRunner.TestRunner -->
    </test> <!-- Test -->
  </suite> <!-- Suite -->
</testng-results>
